<?xml version="1.0" encoding="UTF-8"?>
<testsuite xmlns:xsi="http://www.w3.org/2001/XMLSchema-instance" xsi:noNamespaceSchemaLocation="https://maven.apache.org/surefire/maven-surefire-plugin/xsd/surefire-test-report.xsd" version="3.0.2" name="RecipeControllerButtonTest" time="1.223" tests="11" errors="1" skipped="0" failures="4">
  <properties>
    <property name="java.specification.version" value="23"/>
    <property name="sun.cpu.isalist" value="amd64"/>
    <property name="sun.jnu.encoding" value="Cp1252"/>
    <property name="java.class.path" value="C:\Users\mohan\Desktop\HTW\1. Semester\prog3\Klausur\feature\Prog3Projekt\target\test-classes;C:\Users\mohan\Desktop\HTW\1. Semester\prog3\Klausur\feature\Prog3Projekt\target\classes;C:\Users\mohan\.m2\repository\org\codehaus\mojo\properties-maven-plugin\1.2.1\properties-maven-plugin-1.2.1.jar;C:\Users\mohan\.m2\repository\org\codehaus\plexus\plexus-utils\4.0.0\plexus-utils-4.0.0.jar;C:\Users\mohan\.m2\repository\org\junit\jupiter\junit-jupiter\5.10.0\junit-jupiter-5.10.0.jar;C:\Users\mohan\.m2\repository\org\junit\jupiter\junit-jupiter-api\5.10.0\junit-jupiter-api-5.10.0.jar;C:\Users\mohan\.m2\repository\org\opentest4j\opentest4j\1.3.0\opentest4j-1.3.0.jar;C:\Users\mohan\.m2\repository\org\junit\platform\junit-platform-commons\1.10.0\junit-platform-commons-1.10.0.jar;C:\Users\mohan\.m2\repository\org\apiguardian\apiguardian-api\1.1.2\apiguardian-api-1.1.2.jar;C:\Users\mohan\.m2\repository\org\junit\jupiter\junit-jupiter-params\5.10.0\junit-jupiter-params-5.10.0.jar;C:\Users\mohan\.m2\repository\org\junit\jupiter\junit-jupiter-engine\5.10.0\junit-jupiter-engine-5.10.0.jar;C:\Users\mohan\.m2\repository\org\junit\platform\junit-platform-engine\1.10.0\junit-platform-engine-1.10.0.jar;C:\Users\mohan\.m2\repository\org\xerial\sqlite-jdbc\3.47.2.0\sqlite-jdbc-3.47.2.0.jar;C:\Users\mohan\.m2\repository\org\mockito\mockito-core\5.15.2\mockito-core-5.15.2.jar;C:\Users\mohan\.m2\repository\net\bytebuddy\byte-buddy\1.15.11\byte-buddy-1.15.11.jar;C:\Users\mohan\.m2\repository\net\bytebuddy\byte-buddy-agent\1.15.11\byte-buddy-agent-1.15.11.jar;C:\Users\mohan\.m2\repository\org\objenesis\objenesis\3.3\objenesis-3.3.jar;C:\Users\mohan\.m2\repository\org\mockito\mockito-junit-jupiter\5.15.2\mockito-junit-jupiter-5.15.2.jar;C:\Users\mohan\.m2\repository\org\assertj\assertj-swing\3.17.1\assertj-swing-3.17.1.jar;C:\Users\mohan\.m2\repository\org\assertj\assertj-core\3.17.2\assertj-core-3.17.2.jar;C:\Users\mohan\.m2\repository\org\easytesting\fest-util\1.2.5\fest-util-1.2.5.jar;C:\Users\mohan\.m2\repository\org\jooq\jooq\3.19.17\jooq-3.19.17.jar;C:\Users\mohan\.m2\repository\io\r2dbc\r2dbc-spi\1.0.0.RELEASE\r2dbc-spi-1.0.0.RELEASE.jar;C:\Users\mohan\.m2\repository\org\reactivestreams\reactive-streams\1.0.3\reactive-streams-1.0.3.jar;C:\Users\mohan\.m2\repository\org\jooq\jooq-codegen-maven\3.19.17\jooq-codegen-maven-3.19.17.jar;C:\Users\mohan\.m2\repository\org\jooq\jooq-codegen\3.19.17\jooq-codegen-3.19.17.jar;C:\Users\mohan\.m2\repository\org\jooq\jooq-meta\3.19.17\jooq-meta-3.19.17.jar;C:\Users\mohan\.m2\repository\jakarta\xml\bind\jakarta.xml.bind-api\4.0.0\jakarta.xml.bind-api-4.0.0.jar;C:\Users\mohan\.m2\repository\jakarta\activation\jakarta.activation-api\2.1.0\jakarta.activation-api-2.1.0.jar;C:\Users\mohan\.m2\repository\com\h2database\h2\2.3.232\h2-2.3.232.jar;"/>
    <property name="java.vm.vendor" value="Oracle Corporation"/>
    <property name="sun.arch.data.model" value="64"/>
    <property name="user.variant" value=""/>
    <property name="java.vendor.url" value="https://java.oracle.com/"/>
    <property name="user.timezone" value="Europe/Berlin"/>
    <property name="os.name" value="Windows 11"/>
    <property name="java.vm.specification.version" value="23"/>
    <property name="sun.java.launcher" value="SUN_STANDARD"/>
    <property name="user.country" value="US"/>
    <property name="sun.boot.library.path" value="C:\Program Files\Java\jdk-23\bin"/>
    <property name="sun.java.command" value="C:\Users\mohan\AppData\Local\Temp\surefire5361359111864907005\surefirebooter-20250220234216747_3.jar C:\Users\mohan\AppData\Local\Temp\surefire5361359111864907005 2025-02-20T23-42-16_619-jvmRun1 surefire-20250220234216747_1tmp surefire_0-20250220234216747_2tmp"/>
    <property name="jdk.debug" value="release"/>
    <property name="surefire.test.class.path" value="C:\Users\mohan\Desktop\HTW\1. Semester\prog3\Klausur\feature\Prog3Projekt\target\test-classes;C:\Users\mohan\Desktop\HTW\1. Semester\prog3\Klausur\feature\Prog3Projekt\target\classes;C:\Users\mohan\.m2\repository\org\codehaus\mojo\properties-maven-plugin\1.2.1\properties-maven-plugin-1.2.1.jar;C:\Users\mohan\.m2\repository\org\codehaus\plexus\plexus-utils\4.0.0\plexus-utils-4.0.0.jar;C:\Users\mohan\.m2\repository\org\junit\jupiter\junit-jupiter\5.10.0\junit-jupiter-5.10.0.jar;C:\Users\mohan\.m2\repository\org\junit\jupiter\junit-jupiter-api\5.10.0\junit-jupiter-api-5.10.0.jar;C:\Users\mohan\.m2\repository\org\opentest4j\opentest4j\1.3.0\opentest4j-1.3.0.jar;C:\Users\mohan\.m2\repository\org\junit\platform\junit-platform-commons\1.10.0\junit-platform-commons-1.10.0.jar;C:\Users\mohan\.m2\repository\org\apiguardian\apiguardian-api\1.1.2\apiguardian-api-1.1.2.jar;C:\Users\mohan\.m2\repository\org\junit\jupiter\junit-jupiter-params\5.10.0\junit-jupiter-params-5.10.0.jar;C:\Users\mohan\.m2\repository\org\junit\jupiter\junit-jupiter-engine\5.10.0\junit-jupiter-engine-5.10.0.jar;C:\Users\mohan\.m2\repository\org\junit\platform\junit-platform-engine\1.10.0\junit-platform-engine-1.10.0.jar;C:\Users\mohan\.m2\repository\org\xerial\sqlite-jdbc\3.47.2.0\sqlite-jdbc-3.47.2.0.jar;C:\Users\mohan\.m2\repository\org\mockito\mockito-core\5.15.2\mockito-core-5.15.2.jar;C:\Users\mohan\.m2\repository\net\bytebuddy\byte-buddy\1.15.11\byte-buddy-1.15.11.jar;C:\Users\mohan\.m2\repository\net\bytebuddy\byte-buddy-agent\1.15.11\byte-buddy-agent-1.15.11.jar;C:\Users\mohan\.m2\repository\org\objenesis\objenesis\3.3\objenesis-3.3.jar;C:\Users\mohan\.m2\repository\org\mockito\mockito-junit-jupiter\5.15.2\mockito-junit-jupiter-5.15.2.jar;C:\Users\mohan\.m2\repository\org\assertj\assertj-swing\3.17.1\assertj-swing-3.17.1.jar;C:\Users\mohan\.m2\repository\org\assertj\assertj-core\3.17.2\assertj-core-3.17.2.jar;C:\Users\mohan\.m2\repository\org\easytesting\fest-util\1.2.5\fest-util-1.2.5.jar;C:\Users\mohan\.m2\repository\org\jooq\jooq\3.19.17\jooq-3.19.17.jar;C:\Users\mohan\.m2\repository\io\r2dbc\r2dbc-spi\1.0.0.RELEASE\r2dbc-spi-1.0.0.RELEASE.jar;C:\Users\mohan\.m2\repository\org\reactivestreams\reactive-streams\1.0.3\reactive-streams-1.0.3.jar;C:\Users\mohan\.m2\repository\org\jooq\jooq-codegen-maven\3.19.17\jooq-codegen-maven-3.19.17.jar;C:\Users\mohan\.m2\repository\org\jooq\jooq-codegen\3.19.17\jooq-codegen-3.19.17.jar;C:\Users\mohan\.m2\repository\org\jooq\jooq-meta\3.19.17\jooq-meta-3.19.17.jar;C:\Users\mohan\.m2\repository\jakarta\xml\bind\jakarta.xml.bind-api\4.0.0\jakarta.xml.bind-api-4.0.0.jar;C:\Users\mohan\.m2\repository\jakarta\activation\jakarta.activation-api\2.1.0\jakarta.activation-api-2.1.0.jar;C:\Users\mohan\.m2\repository\com\h2database\h2\2.3.232\h2-2.3.232.jar;"/>
    <property name="sun.cpu.endian" value="little"/>
    <property name="user.home" value="C:\Users\mohan"/>
    <property name="user.language" value="en"/>
    <property name="java.specification.vendor" value="Oracle Corporation"/>
    <property name="java.version.date" value="2024-10-15"/>
    <property name="java.home" value="C:\Program Files\Java\jdk-23"/>
    <property name="file.separator" value="\"/>
    <property name="basedir" value="C:\Users\mohan\Desktop\HTW\1. Semester\prog3\Klausur\feature\Prog3Projekt"/>
    <property name="java.vm.compressedOopsMode" value="Zero based"/>
    <property name="line.separator" value="&#10;"/>
    <property name="java.vm.specification.vendor" value="Oracle Corporation"/>
    <property name="java.specification.name" value="Java Platform API Specification"/>
    <property name="surefire.real.class.path" value="C:\Users\mohan\AppData\Local\Temp\surefire5361359111864907005\surefirebooter-20250220234216747_3.jar"/>
    <property name="user.script" value=""/>
    <property name="sun.management.compiler" value="HotSpot 64-Bit Tiered Compilers"/>
    <property name="java.runtime.version" value="23.0.1+11-39"/>
    <property name="user.name" value="mohan"/>
    <property name="stdout.encoding" value="Cp1252"/>
    <property name="path.separator" value=";"/>
    <property name="os.version" value="10.0"/>
    <property name="java.runtime.name" value="Java(TM) SE Runtime Environment"/>
    <property name="file.encoding" value="UTF-8"/>
    <property name="java.vm.name" value="Java HotSpot(TM) 64-Bit Server VM"/>
    <property name="localRepository" value="C:\Users\mohan\.m2\repository"/>
    <property name="java.vendor.url.bug" value="https://bugreport.java.com/bugreport/"/>
    <property name="java.io.tmpdir" value="C:\Users\mohan\AppData\Local\Temp\"/>
    <property name="java.version" value="23.0.1"/>
    <property name="user.dir" value="C:\Users\mohan\Desktop\HTW\1. Semester\prog3\Klausur\feature\Prog3Projekt"/>
    <property name="os.arch" value="amd64"/>
    <property name="java.vm.specification.name" value="Java Virtual Machine Specification"/>
    <property name="sun.os.patch.level" value=""/>
    <property name="native.encoding" value="Cp1252"/>
    <property name="java.library.path" value="C:\Program Files\Java\jdk-23\bin;C:\WINDOWS\Sun\Java\bin;C:\WINDOWS\system32;C:\WINDOWS;C:\Program Files\Common Files\Oracle\Java\javapath;C:\Program Files\Java\jdk-23\bin;C:\Program Files (x86)\Common Files\Oracle\Java\javapath;C:\WINDOWS\system32;C:\WINDOWS;C:\WINDOWS\System32\Wbem;C:\WINDOWS\System32\WindowsPowerShell\v1.0\;C:\WINDOWS\System32\OpenSSH\;C:\Program Files\mingw-w64\mingw64\bin;C:\Program Files\Oracle\VirtualBox;C:\HashiCorp\Vagrant\bin;C:\Program Files\Docker\Docker\resources\bin;C:\Users\mohan\Desktop\HTW\1. Semester\prog3\6. Build Automatisierung mit Maven\apache-maven-3.9.9-bin\apache-maven-3.9.9\bin;C:\Program Files\Git\cmd;C:\apache-maven-3.9.9-bin\apache-maven-3.9.9\bin;C:\Users\mohan\AppData\Local\Microsoft\WindowsApps;;C:\Users\mohan\AppData\Local\Programs\Microsoft VS Code\bin;C:\Users\mohan\AppData\Local\Coursier\data\bin;%USERPROFILE%\AppData\Local\Microsoft\WindowsApps;."/>
    <property name="java.vm.info" value="mixed mode, sharing"/>
    <property name="stderr.encoding" value="Cp1252"/>
    <property name="java.vendor" value="Oracle Corporation"/>
    <property name="java.vm.version" value="23.0.1+11-39"/>
    <property name="sun.io.unicode.encoding" value="UnicodeLittle"/>
    <property name="java.class.version" value="67.0"/>
  </properties>
  <testcase name="testAddRecipeSuccess" classname="RecipeControllerButtonTest" time="0.234"/>
  <testcase name="testFilterRecipeFail" classname="RecipeControllerButtonTest" time="0.003"/>
  <testcase name="testAddRecipeFailMissingName" classname="RecipeControllerButtonTest" time="0.006"/>
  <testcase name="testAddRecipeFailMissingID" classname="RecipeControllerButtonTest" time="0.017">
    <failure message="&#10;recipeView.showErrorDialog(&#10;    &quot;Error: Invalid ID or Name&quot;&#10;);&#10;Wanted 1 time:&#10;-&gt; at Recipe.RecipeView.showErrorDialog(RecipeView.java:207)&#10;But was 2 times:&#10;-&gt; at RecipeControllerButtonTest.testAddRecipeFailMissingName(RecipeControllerTest.java:98)&#10;-&gt; at RecipeControllerButtonTest.testAddRecipeFailMissingID(RecipeControllerTest.java:115)&#10;&#10;" type="org.mockito.exceptions.verification.TooManyActualInvocations"><![CDATA[org.mockito.exceptions.verification.TooManyActualInvocations: 

recipeView.showErrorDialog(
    "Error: Invalid ID or Name"
);
Wanted 1 time:
-> at Recipe.RecipeView.showErrorDialog(RecipeView.java:207)
But was 2 times:
-> at RecipeControllerButtonTest.testAddRecipeFailMissingName(RecipeControllerTest.java:98)
-> at RecipeControllerButtonTest.testAddRecipeFailMissingID(RecipeControllerTest.java:115)


	at Recipe.RecipeView.showErrorDialog(RecipeView.java:207)
	at RecipeControllerButtonTest.testAddRecipeFailMissingID(RecipeControllerTest.java:120)
	at java.base/java.lang.reflect.Method.invoke(Method.java:580)
	at java.base/java.util.ArrayList.forEach(ArrayList.java:1597)
	at java.base/java.util.ArrayList.forEach(ArrayList.java:1597)
]]></failure>
  </testcase>
  <testcase name="testDeleteRecipeFail" classname="RecipeControllerButtonTest" time="0.002"/>
  <testcase name="testDeleteRecipeSuccess" classname="RecipeControllerButtonTest" time="0.002"/>
  <testcase name="testAddRecipeNegativeID" classname="RecipeControllerButtonTest" time="0.002"/>
  <testcase name="testUpdateRecipeFail" classname="RecipeControllerButtonTest" time="0.002">
    <failure message="&#10;recipeModel.updateRecipe(&#10;    {&quot;name&quot; = &quot;&quot;, &quot;category&quot; = &quot;Main Course&quot;, &quot;ingredient&quot; = &quot;&quot;, &quot;cuisine&quot; = &quot;&quot;, &quot;instructions&quot; = &quot;&quot;, &quot;cookingTime&quot; = &quot;&quot;, &quot;nutrition&quot; = &quot;&quot;, &quot;id&quot; = &quot;&quot;}&#10;);&#10;Wanted 1 time:&#10;-&gt; at Recipe.RecipeModel.updateRecipe(RecipeModel.java:99)&#10;But was 2 times:&#10;-&gt; at RecipeControllerButtonTest.testFilterRecipeFail(RecipeControllerTest.java:218)&#10;-&gt; at RecipeControllerButtonTest.testUpdateRecipeFail(RecipeControllerTest.java:190)&#10;&#10;" type="org.mockito.exceptions.verification.TooManyActualInvocations"><![CDATA[org.mockito.exceptions.verification.TooManyActualInvocations: 

recipeModel.updateRecipe(
    {"name" = "", "category" = "Main Course", "ingredient" = "", "cuisine" = "", "instructions" = "", "cookingTime" = "", "nutrition" = "", "id" = ""}
);
Wanted 1 time:
-> at Recipe.RecipeModel.updateRecipe(RecipeModel.java:99)
But was 2 times:
-> at RecipeControllerButtonTest.testFilterRecipeFail(RecipeControllerTest.java:218)
-> at RecipeControllerButtonTest.testUpdateRecipeFail(RecipeControllerTest.java:190)


	at Recipe.RecipeModel.updateRecipe(RecipeModel.java:99)
	at RecipeControllerButtonTest.testUpdateRecipeFail(RecipeControllerTest.java:194)
	at java.base/java.lang.reflect.Method.invoke(Method.java:580)
	at java.base/java.util.ArrayList.forEach(ArrayList.java:1597)
	at java.base/java.util.ArrayList.forEach(ArrayList.java:1597)
]]></failure>
  </testcase>
  <testcase name="testUpdateRecipeSuccess" classname="RecipeControllerButtonTest" time="0.01">
    <failure message="&#10;Argument(s) are different! Wanted:&#10;recipeView.showSuccessDialog(&#10;    &quot;Error deleting recipe.&quot;&#10;);&#10;-&gt; at Recipe.RecipeView.showSuccessDialog(RecipeView.java:211)&#10;Actual invocations have different arguments:&#10;recipeView.setFormData(&#10;    {&quot;name&quot; = &quot;Margherita Pizza&quot;, &quot;category&quot; = &quot;Main Course&quot;, &quot;ingredient&quot; = &quot;Dough, Tomato Sauce, Mozzarella Cheese, Basil&quot;, &quot;cuisine&quot; = &quot;Italian&quot;, &quot;instructions&quot; = &quot;Bake the pizza until the cheese melts.&quot;, &quot;cookingTime&quot; = &quot;15&quot;, &quot;nutrition&quot; = &quot;800&quot;, &quot;id&quot; = &quot;1&quot;}&#10;);&#10;-&gt; at RecipeControllerButtonTest.testAddRecipeSuccess(RecipeControllerTest.java:76)&#10;recipeView.showSuccessDialog(&#10;    &quot;Recipe added successfully.&quot;&#10;);&#10;-&gt; at RecipeControllerButtonTest.testAddRecipeSuccess(RecipeControllerTest.java:79)&#10;recipeView.showErrorDialog(&#10;    &quot;Error updating recipe.&quot;&#10;);&#10;-&gt; at RecipeControllerButtonTest.testFilterRecipeFail(RecipeControllerTest.java:219)&#10;recipeView.setFormData(&#10;    {&quot;name&quot; = &quot;&quot;, &quot;category&quot; = &quot;&quot;, &quot;ingredient&quot; = &quot;&quot;, &quot;cuisine&quot; = &quot;&quot;, &quot;instructions&quot; = &quot;&quot;, &quot;cookingTime&quot; = &quot;&quot;, &quot;nutrition&quot; = &quot;&quot;, &quot;id&quot; = &quot;4&quot;}&#10;);&#10;-&gt; at RecipeControllerButtonTest.testAddRecipeFailMissingName(RecipeControllerTest.java:95)&#10;recipeView.showErrorDialog(&#10;    &quot;Error: Invalid ID or Name&quot;&#10;);&#10;-&gt; at RecipeControllerButtonTest.testAddRecipeFailMissingName(RecipeControllerTest.java:98)&#10;recipeView.setFormData(&#10;    {&quot;name&quot; = &quot;Spaghetti&quot;, &quot;category&quot; = &quot;&quot;, &quot;ingredient&quot; = &quot;&quot;, &quot;cuisine&quot; = &quot;&quot;, &quot;instructions&quot; = &quot;&quot;, &quot;cookingTime&quot; = &quot;&quot;, &quot;nutrition&quot; = &quot;&quot;, &quot;id&quot; = &quot;&quot;}&#10;);&#10;-&gt; at RecipeControllerButtonTest.testAddRecipeFailMissingID(RecipeControllerTest.java:112)&#10;recipeView.showErrorDialog(&#10;    &quot;Error: Invalid ID or Name&quot;&#10;);&#10;-&gt; at RecipeControllerButtonTest.testAddRecipeFailMissingID(RecipeControllerTest.java:115)&#10;recipeView.showErrorDialog(&#10;    &quot;Error deleting recipe.&quot;&#10;);&#10;-&gt; at RecipeControllerButtonTest.testDeleteRecipeFail(RecipeControllerTest.java:163)&#10;recipeView.setFormData(&#10;    {&quot;name&quot; = &quot;Margherita Pizza&quot;, &quot;category&quot; = &quot;Main Course&quot;, &quot;ingredient&quot; = &quot;Dough, Tomato Sauce, Mozzarella Cheese, Basil&quot;, &quot;cuisine&quot; = &quot;Italian&quot;, &quot;instructions&quot; = &quot;Bake the pizza until the cheese melts.&quot;, &quot;cookingTime&quot; = &quot;15&quot;, &quot;nutrition&quot; = &quot;800&quot;, &quot;id&quot; = &quot;1&quot;}&#10;);&#10;-&gt; at RecipeControllerButtonTest.testDeleteRecipeSuccess(RecipeControllerTest.java:146)&#10;recipeView.showSuccessDialog(&#10;    &quot;Recipe deleted successfully.&quot;&#10;);&#10;-&gt; at RecipeControllerButtonTest.testDeleteRecipeSuccess(RecipeControllerTest.java:149)&#10;recipeView.setFormData(&#10;    {&quot;name&quot; = &quot;&quot;, &quot;category&quot; = &quot;&quot;, &quot;ingredient&quot; = &quot;&quot;, &quot;cuisine&quot; = &quot;&quot;, &quot;instructions&quot; = &quot;&quot;, &quot;cookingTime&quot; = &quot;&quot;, &quot;nutrition&quot; = &quot;&quot;, &quot;id&quot; = &quot;-6&quot;}&#10;);&#10;-&gt; at RecipeControllerButtonTest.testAddRecipeNegativeID(RecipeControllerTest.java:129)&#10;recipeView.showErrorDialog(&#10;    &quot;&quot;&#10;);&#10;-&gt; at RecipeControllerButtonTest.testAddRecipeNegativeID(RecipeControllerTest.java:132)&#10;recipeView.showErrorDialog(&#10;    &quot;Error updating recipe.&quot;&#10;);&#10;-&gt; at RecipeControllerButtonTest.testUpdateRecipeFail(RecipeControllerTest.java:191)&#10;recipeView.showSuccessDialog(&#10;    &quot;Recipe updated successfully.&quot;&#10;);&#10;-&gt; at RecipeControllerButtonTest.testUpdateRecipeSuccess(RecipeControllerTest.java:177)&#10;" type="Argument(s) are different! Wanted"><![CDATA[Argument(s) are different! Wanted:
recipeView.showSuccessDialog(
    "Error deleting recipe."
);
-> at Recipe.RecipeView.showSuccessDialog(RecipeView.java:211)
Actual invocations have different arguments:
recipeView.setFormData(
    {"name" = "Margherita Pizza", "category" = "Main Course", "ingredient" = "Dough, Tomato Sauce, Mozzarella Cheese, Basil", "cuisine" = "Italian", "instructions" = "Bake the pizza until the cheese melts.", "cookingTime" = "15", "nutrition" = "800", "id" = "1"}
);
-> at RecipeControllerButtonTest.testAddRecipeSuccess(RecipeControllerTest.java:76)
recipeView.showSuccessDialog(
    "Recipe added successfully."
);
-> at RecipeControllerButtonTest.testAddRecipeSuccess(RecipeControllerTest.java:79)
recipeView.showErrorDialog(
    "Error updating recipe."
);
-> at RecipeControllerButtonTest.testFilterRecipeFail(RecipeControllerTest.java:219)
recipeView.setFormData(
    {"name" = "", "category" = "", "ingredient" = "", "cuisine" = "", "instructions" = "", "cookingTime" = "", "nutrition" = "", "id" = "4"}
);
-> at RecipeControllerButtonTest.testAddRecipeFailMissingName(RecipeControllerTest.java:95)
recipeView.showErrorDialog(
    "Error: Invalid ID or Name"
);
-> at RecipeControllerButtonTest.testAddRecipeFailMissingName(RecipeControllerTest.java:98)
recipeView.setFormData(
    {"name" = "Spaghetti", "category" = "", "ingredient" = "", "cuisine" = "", "instructions" = "", "cookingTime" = "", "nutrition" = "", "id" = ""}
);
-> at RecipeControllerButtonTest.testAddRecipeFailMissingID(RecipeControllerTest.java:112)
recipeView.showErrorDialog(
    "Error: Invalid ID or Name"
);
-> at RecipeControllerButtonTest.testAddRecipeFailMissingID(RecipeControllerTest.java:115)
recipeView.showErrorDialog(
    "Error deleting recipe."
);
-> at RecipeControllerButtonTest.testDeleteRecipeFail(RecipeControllerTest.java:163)
recipeView.setFormData(
    {"name" = "Margherita Pizza", "category" = "Main Course", "ingredient" = "Dough, Tomato Sauce, Mozzarella Cheese, Basil", "cuisine" = "Italian", "instructions" = "Bake the pizza until the cheese melts.", "cookingTime" = "15", "nutrition" = "800", "id" = "1"}
);
-> at RecipeControllerButtonTest.testDeleteRecipeSuccess(RecipeControllerTest.java:146)
recipeView.showSuccessDialog(
    "Recipe deleted successfully."
);
-> at RecipeControllerButtonTest.testDeleteRecipeSuccess(RecipeControllerTest.java:149)
recipeView.setFormData(
    {"name" = "", "category" = "", "ingredient" = "", "cuisine" = "", "instructions" = "", "cookingTime" = "", "nutrition" = "", "id" = "-6"}
);
-> at RecipeControllerButtonTest.testAddRecipeNegativeID(RecipeControllerTest.java:129)
recipeView.showErrorDialog(
    ""
);
-> at RecipeControllerButtonTest.testAddRecipeNegativeID(RecipeControllerTest.java:132)
recipeView.showErrorDialog(
    "Error updating recipe."
);
-> at RecipeControllerButtonTest.testUpdateRecipeFail(RecipeControllerTest.java:191)
recipeView.showSuccessDialog(
    "Recipe updated successfully."
);
-> at RecipeControllerButtonTest.testUpdateRecipeSuccess(RecipeControllerTest.java:177)

	at Recipe.RecipeView.showSuccessDialog(RecipeView.java:211)
	at RecipeControllerButtonTest.testUpdateRecipeSuccess(RecipeControllerTest.java:181)
	at java.base/java.lang.reflect.Method.invoke(Method.java:580)
	at java.base/java.util.ArrayList.forEach(ArrayList.java:1597)
	at java.base/java.util.ArrayList.forEach(ArrayList.java:1597)
]]></failure>
  </testcase>
  <testcase name="testFilterRecipeSuccess" classname="RecipeControllerButtonTest" time="0.004">
    <failure message="&#10;recipeModel.updateRecipe(&#10;    {&quot;name&quot; = &quot;&quot;, &quot;category&quot; = &quot;Main Course&quot;, &quot;ingredient&quot; = &quot;&quot;, &quot;cuisine&quot; = &quot;&quot;, &quot;instructions&quot; = &quot;&quot;, &quot;cookingTime&quot; = &quot;&quot;, &quot;nutrition&quot; = &quot;&quot;, &quot;id&quot; = &quot;&quot;}&#10;);&#10;Wanted 1 time:&#10;-&gt; at Recipe.RecipeModel.updateRecipe(RecipeModel.java:99)&#10;But was 3 times:&#10;-&gt; at RecipeControllerButtonTest.testFilterRecipeFail(RecipeControllerTest.java:218)&#10;-&gt; at RecipeControllerButtonTest.testUpdateRecipeFail(RecipeControllerTest.java:190)&#10;-&gt; at RecipeControllerButtonTest.testFilterRecipeSuccess(RecipeControllerTest.java:204)&#10;&#10;" type="org.mockito.exceptions.verification.TooManyActualInvocations"><![CDATA[org.mockito.exceptions.verification.TooManyActualInvocations: 

recipeModel.updateRecipe(
    {"name" = "", "category" = "Main Course", "ingredient" = "", "cuisine" = "", "instructions" = "", "cookingTime" = "", "nutrition" = "", "id" = ""}
);
Wanted 1 time:
-> at Recipe.RecipeModel.updateRecipe(RecipeModel.java:99)
But was 3 times:
-> at RecipeControllerButtonTest.testFilterRecipeFail(RecipeControllerTest.java:218)
-> at RecipeControllerButtonTest.testUpdateRecipeFail(RecipeControllerTest.java:190)
-> at RecipeControllerButtonTest.testFilterRecipeSuccess(RecipeControllerTest.java:204)


	at Recipe.RecipeModel.updateRecipe(RecipeModel.java:99)
	at RecipeControllerButtonTest.testFilterRecipeSuccess(RecipeControllerTest.java:208)
	at java.base/java.lang.reflect.Method.invoke(Method.java:580)
	at java.base/java.util.ArrayList.forEach(ArrayList.java:1597)
	at java.base/java.util.ArrayList.forEach(ArrayList.java:1597)
]]></failure>
  </testcase>
  <testcase name="" classname="RecipeControllerButtonTest" time="1.223">
    <error message="SQL [delete from &quot;Recipe&quot;]; The object is already closed [90007-232]" type="org.jooq.exception.DataAccessException"><![CDATA[org.jooq.exception.DataAccessException: SQL [delete from "Recipe"]; The object is already closed [90007-232]
	at org.jooq_3.19.17.H2.debug(Unknown Source)
	at org.jooq.impl.Tools.translate(Tools.java:3621)
	at org.jooq.impl.Tools.translate(Tools.java:3609)
	at org.jooq.impl.DefaultExecuteContext.sqlException(DefaultExecuteContext.java:827)
	at org.jooq.impl.AbstractQuery.execute(AbstractQuery.java:362)
	at org.jooq.impl.AbstractDelegatingQuery.execute(AbstractDelegatingQuery.java:115)
	at RecipeControllerButtonTest.cleanDatabase(RecipeControllerTest.java:258)
	at java.base/java.lang.reflect.Method.invoke(Method.java:580)
	at java.base/java.util.ArrayList.forEach(ArrayList.java:1597)
	at java.base/java.util.Collections$UnmodifiableCollection.forEach(Collections.java:1117)
	at java.base/java.util.ArrayList.forEach(ArrayList.java:1597)
Caused by: org.h2.jdbc.JdbcSQLNonTransientException: The object is already closed [90007-232]
	at org.h2.message.DbException.getJdbcSQLException(DbException.java:566)
	at org.h2.message.DbException.getJdbcSQLException(DbException.java:489)
	at org.h2.message.DbException.get(DbException.java:223)
	at org.h2.message.DbException.get(DbException.java:199)
	at org.h2.message.DbException.get(DbException.java:188)
	at org.h2.jdbc.JdbcConnection.checkClosed(JdbcConnection.java:1420)
	at org.h2.jdbc.JdbcConnection.prepareStatement(JdbcConnection.java:313)
	at org.jooq.impl.ProviderEnabledConnection.prepareStatement(ProviderEnabledConnection.java:109)
	at org.jooq.impl.SettingsEnabledConnection.prepareStatement(SettingsEnabledConnection.java:91)
	at org.jooq.impl.AbstractQuery.prepare(AbstractQuery.java:431)
	at org.jooq.impl.AbstractDMLQuery.prepare0(AbstractDMLQuery.java:994)
	at org.jooq.impl.AbstractDMLQuery.prepare(AbstractDMLQuery.java:985)
	at org.jooq.impl.AbstractQuery.execute(AbstractQuery.java:315)
	... 6 more
]]></error>
  </testcase>
</testsuite>