<?xml version="1.0" encoding="UTF-8"?>
<testsuite xmlns:xsi="http://www.w3.org/2001/XMLSchema-instance" xsi:noNamespaceSchemaLocation="https://maven.apache.org/surefire/maven-surefire-plugin/xsd/surefire-test-report.xsd" version="3.0.2" name="RecipeDatabaseTest" time="1.239" tests="11" errors="0" skipped="0" failures="0">
  <properties>
    <property name="java.specification.version" value="23"/>
    <property name="sun.cpu.isalist" value="amd64"/>
    <property name="sun.jnu.encoding" value="Cp1252"/>
    <property name="java.class.path" value="C:\Users\mohan\Desktop\HTW\1. Semester\prog3\Klausur\feature\Prog3Projekt\target\test-classes;C:\Users\mohan\Desktop\HTW\1. Semester\prog3\Klausur\feature\Prog3Projekt\target\classes;C:\Users\mohan\.m2\repository\org\codehaus\mojo\properties-maven-plugin\1.2.1\properties-maven-plugin-1.2.1.jar;C:\Users\mohan\.m2\repository\org\codehaus\plexus\plexus-utils\4.0.0\plexus-utils-4.0.0.jar;C:\Users\mohan\.m2\repository\org\junit\jupiter\junit-jupiter\5.10.0\junit-jupiter-5.10.0.jar;C:\Users\mohan\.m2\repository\org\junit\jupiter\junit-jupiter-api\5.10.0\junit-jupiter-api-5.10.0.jar;C:\Users\mohan\.m2\repository\org\opentest4j\opentest4j\1.3.0\opentest4j-1.3.0.jar;C:\Users\mohan\.m2\repository\org\junit\platform\junit-platform-commons\1.10.0\junit-platform-commons-1.10.0.jar;C:\Users\mohan\.m2\repository\org\apiguardian\apiguardian-api\1.1.2\apiguardian-api-1.1.2.jar;C:\Users\mohan\.m2\repository\org\junit\jupiter\junit-jupiter-params\5.10.0\junit-jupiter-params-5.10.0.jar;C:\Users\mohan\.m2\repository\org\junit\jupiter\junit-jupiter-engine\5.10.0\junit-jupiter-engine-5.10.0.jar;C:\Users\mohan\.m2\repository\org\junit\platform\junit-platform-engine\1.10.0\junit-platform-engine-1.10.0.jar;C:\Users\mohan\.m2\repository\org\xerial\sqlite-jdbc\3.47.2.0\sqlite-jdbc-3.47.2.0.jar;C:\Users\mohan\.m2\repository\org\mockito\mockito-core\5.15.2\mockito-core-5.15.2.jar;C:\Users\mohan\.m2\repository\net\bytebuddy\byte-buddy\1.15.11\byte-buddy-1.15.11.jar;C:\Users\mohan\.m2\repository\net\bytebuddy\byte-buddy-agent\1.15.11\byte-buddy-agent-1.15.11.jar;C:\Users\mohan\.m2\repository\org\objenesis\objenesis\3.3\objenesis-3.3.jar;C:\Users\mohan\.m2\repository\org\mockito\mockito-junit-jupiter\5.15.2\mockito-junit-jupiter-5.15.2.jar;C:\Users\mohan\.m2\repository\org\assertj\assertj-swing\3.17.1\assertj-swing-3.17.1.jar;C:\Users\mohan\.m2\repository\org\assertj\assertj-core\3.17.2\assertj-core-3.17.2.jar;C:\Users\mohan\.m2\repository\org\easytesting\fest-util\1.2.5\fest-util-1.2.5.jar;C:\Users\mohan\.m2\repository\org\jooq\jooq\3.19.17\jooq-3.19.17.jar;C:\Users\mohan\.m2\repository\io\r2dbc\r2dbc-spi\1.0.0.RELEASE\r2dbc-spi-1.0.0.RELEASE.jar;C:\Users\mohan\.m2\repository\org\reactivestreams\reactive-streams\1.0.3\reactive-streams-1.0.3.jar;C:\Users\mohan\.m2\repository\org\jooq\jooq-codegen-maven\3.19.17\jooq-codegen-maven-3.19.17.jar;C:\Users\mohan\.m2\repository\org\jooq\jooq-codegen\3.19.17\jooq-codegen-3.19.17.jar;C:\Users\mohan\.m2\repository\org\jooq\jooq-meta\3.19.17\jooq-meta-3.19.17.jar;C:\Users\mohan\.m2\repository\jakarta\xml\bind\jakarta.xml.bind-api\4.0.0\jakarta.xml.bind-api-4.0.0.jar;C:\Users\mohan\.m2\repository\jakarta\activation\jakarta.activation-api\2.1.0\jakarta.activation-api-2.1.0.jar;C:\Users\mohan\.m2\repository\com\h2database\h2\2.3.232\h2-2.3.232.jar;C:\Users\mohan\.m2\repository\org\slf4j\slf4j-api\2.0.17\slf4j-api-2.0.17.jar;C:\Users\mohan\.m2\repository\ch\qos\logback\logback-classic\1.5.18\logback-classic-1.5.18.jar;C:\Users\mohan\.m2\repository\ch\qos\logback\logback-core\1.5.18\logback-core-1.5.18.jar;"/>
    <property name="java.vm.vendor" value="Oracle Corporation"/>
    <property name="sun.arch.data.model" value="64"/>
    <property name="user.variant" value=""/>
    <property name="java.vendor.url" value="https://java.oracle.com/"/>
    <property name="user.timezone" value="Europe/Berlin"/>
    <property name="os.name" value="Windows 11"/>
    <property name="java.vm.specification.version" value="23"/>
    <property name="sun.java.launcher" value="SUN_STANDARD"/>
    <property name="user.country" value="US"/>
    <property name="sun.boot.library.path" value="C:\Program Files\Java\jdk-23\bin"/>
    <property name="sun.java.command" value="C:\Users\mohan\AppData\Local\Temp\surefire12590783836360224295\surefirebooter-20250323172726452_3.jar C:\Users\mohan\AppData\Local\Temp\surefire12590783836360224295 2025-03-23T17-27-26_350-jvmRun1 surefire-20250323172726452_1tmp surefire_0-20250323172726452_2tmp"/>
    <property name="jdk.debug" value="release"/>
    <property name="surefire.test.class.path" value="C:\Users\mohan\Desktop\HTW\1. Semester\prog3\Klausur\feature\Prog3Projekt\target\test-classes;C:\Users\mohan\Desktop\HTW\1. Semester\prog3\Klausur\feature\Prog3Projekt\target\classes;C:\Users\mohan\.m2\repository\org\codehaus\mojo\properties-maven-plugin\1.2.1\properties-maven-plugin-1.2.1.jar;C:\Users\mohan\.m2\repository\org\codehaus\plexus\plexus-utils\4.0.0\plexus-utils-4.0.0.jar;C:\Users\mohan\.m2\repository\org\junit\jupiter\junit-jupiter\5.10.0\junit-jupiter-5.10.0.jar;C:\Users\mohan\.m2\repository\org\junit\jupiter\junit-jupiter-api\5.10.0\junit-jupiter-api-5.10.0.jar;C:\Users\mohan\.m2\repository\org\opentest4j\opentest4j\1.3.0\opentest4j-1.3.0.jar;C:\Users\mohan\.m2\repository\org\junit\platform\junit-platform-commons\1.10.0\junit-platform-commons-1.10.0.jar;C:\Users\mohan\.m2\repository\org\apiguardian\apiguardian-api\1.1.2\apiguardian-api-1.1.2.jar;C:\Users\mohan\.m2\repository\org\junit\jupiter\junit-jupiter-params\5.10.0\junit-jupiter-params-5.10.0.jar;C:\Users\mohan\.m2\repository\org\junit\jupiter\junit-jupiter-engine\5.10.0\junit-jupiter-engine-5.10.0.jar;C:\Users\mohan\.m2\repository\org\junit\platform\junit-platform-engine\1.10.0\junit-platform-engine-1.10.0.jar;C:\Users\mohan\.m2\repository\org\xerial\sqlite-jdbc\3.47.2.0\sqlite-jdbc-3.47.2.0.jar;C:\Users\mohan\.m2\repository\org\mockito\mockito-core\5.15.2\mockito-core-5.15.2.jar;C:\Users\mohan\.m2\repository\net\bytebuddy\byte-buddy\1.15.11\byte-buddy-1.15.11.jar;C:\Users\mohan\.m2\repository\net\bytebuddy\byte-buddy-agent\1.15.11\byte-buddy-agent-1.15.11.jar;C:\Users\mohan\.m2\repository\org\objenesis\objenesis\3.3\objenesis-3.3.jar;C:\Users\mohan\.m2\repository\org\mockito\mockito-junit-jupiter\5.15.2\mockito-junit-jupiter-5.15.2.jar;C:\Users\mohan\.m2\repository\org\assertj\assertj-swing\3.17.1\assertj-swing-3.17.1.jar;C:\Users\mohan\.m2\repository\org\assertj\assertj-core\3.17.2\assertj-core-3.17.2.jar;C:\Users\mohan\.m2\repository\org\easytesting\fest-util\1.2.5\fest-util-1.2.5.jar;C:\Users\mohan\.m2\repository\org\jooq\jooq\3.19.17\jooq-3.19.17.jar;C:\Users\mohan\.m2\repository\io\r2dbc\r2dbc-spi\1.0.0.RELEASE\r2dbc-spi-1.0.0.RELEASE.jar;C:\Users\mohan\.m2\repository\org\reactivestreams\reactive-streams\1.0.3\reactive-streams-1.0.3.jar;C:\Users\mohan\.m2\repository\org\jooq\jooq-codegen-maven\3.19.17\jooq-codegen-maven-3.19.17.jar;C:\Users\mohan\.m2\repository\org\jooq\jooq-codegen\3.19.17\jooq-codegen-3.19.17.jar;C:\Users\mohan\.m2\repository\org\jooq\jooq-meta\3.19.17\jooq-meta-3.19.17.jar;C:\Users\mohan\.m2\repository\jakarta\xml\bind\jakarta.xml.bind-api\4.0.0\jakarta.xml.bind-api-4.0.0.jar;C:\Users\mohan\.m2\repository\jakarta\activation\jakarta.activation-api\2.1.0\jakarta.activation-api-2.1.0.jar;C:\Users\mohan\.m2\repository\com\h2database\h2\2.3.232\h2-2.3.232.jar;C:\Users\mohan\.m2\repository\org\slf4j\slf4j-api\2.0.17\slf4j-api-2.0.17.jar;C:\Users\mohan\.m2\repository\ch\qos\logback\logback-classic\1.5.18\logback-classic-1.5.18.jar;C:\Users\mohan\.m2\repository\ch\qos\logback\logback-core\1.5.18\logback-core-1.5.18.jar;"/>
    <property name="sun.cpu.endian" value="little"/>
    <property name="user.home" value="C:\Users\mohan"/>
    <property name="user.language" value="en"/>
    <property name="java.specification.vendor" value="Oracle Corporation"/>
    <property name="java.version.date" value="2024-10-15"/>
    <property name="java.home" value="C:\Program Files\Java\jdk-23"/>
    <property name="file.separator" value="\"/>
    <property name="basedir" value="C:\Users\mohan\Desktop\HTW\1. Semester\prog3\Klausur\feature\Prog3Projekt"/>
    <property name="java.vm.compressedOopsMode" value="Zero based"/>
    <property name="line.separator" value="&#10;"/>
    <property name="java.vm.specification.vendor" value="Oracle Corporation"/>
    <property name="java.specification.name" value="Java Platform API Specification"/>
    <property name="surefire.real.class.path" value="C:\Users\mohan\AppData\Local\Temp\surefire12590783836360224295\surefirebooter-20250323172726452_3.jar"/>
    <property name="user.script" value=""/>
    <property name="sun.management.compiler" value="HotSpot 64-Bit Tiered Compilers"/>
    <property name="java.runtime.version" value="23.0.1+11-39"/>
    <property name="user.name" value="mohan"/>
    <property name="stdout.encoding" value="Cp1252"/>
    <property name="path.separator" value=";"/>
    <property name="os.version" value="10.0"/>
    <property name="java.runtime.name" value="Java(TM) SE Runtime Environment"/>
    <property name="file.encoding" value="UTF-8"/>
    <property name="java.vm.name" value="Java HotSpot(TM) 64-Bit Server VM"/>
    <property name="localRepository" value="C:\Users\mohan\.m2\repository"/>
    <property name="java.vendor.url.bug" value="https://bugreport.java.com/bugreport/"/>
    <property name="java.io.tmpdir" value="C:\Users\mohan\AppData\Local\Temp\"/>
    <property name="java.version" value="23.0.1"/>
    <property name="user.dir" value="C:\Users\mohan\Desktop\HTW\1. Semester\prog3\Klausur\feature\Prog3Projekt"/>
    <property name="os.arch" value="amd64"/>
    <property name="java.vm.specification.name" value="Java Virtual Machine Specification"/>
    <property name="sun.os.patch.level" value=""/>
    <property name="native.encoding" value="Cp1252"/>
    <property name="java.library.path" value="C:\Program Files\Java\jdk-23\bin;C:\WINDOWS\Sun\Java\bin;C:\WINDOWS\system32;C:\WINDOWS;C:\Program Files\Common Files\Oracle\Java\javapath;C:\Program Files\Java\jdk-23\bin;C:\Program Files (x86)\Common Files\Oracle\Java\javapath;C:\WINDOWS\system32;C:\WINDOWS;C:\WINDOWS\System32\Wbem;C:\WINDOWS\System32\WindowsPowerShell\v1.0\;C:\WINDOWS\System32\OpenSSH\;C:\Program Files\mingw-w64\mingw64\bin;C:\Program Files\Oracle\VirtualBox;C:\HashiCorp\Vagrant\bin;C:\Program Files\Docker\Docker\resources\bin;C:\Users\mohan\Desktop\HTW\1. Semester\prog3\6. Build Automatisierung mit Maven\apache-maven-3.9.9-bin\apache-maven-3.9.9\bin;C:\Program Files\Git\cmd;C:\apache-maven-3.9.9-bin\apache-maven-3.9.9\bin;C:\Users\mohan\AppData\Local\Microsoft\WindowsApps;;C:\Users\mohan\AppData\Local\Programs\Microsoft VS Code\bin;C:\Users\mohan\AppData\Local\Coursier\data\bin;%USERPROFILE%\AppData\Local\Microsoft\WindowsApps;."/>
    <property name="java.vm.info" value="mixed mode, sharing"/>
    <property name="stderr.encoding" value="Cp1252"/>
    <property name="java.vendor" value="Oracle Corporation"/>
    <property name="java.vm.version" value="23.0.1+11-39"/>
    <property name="sun.io.unicode.encoding" value="UnicodeLittle"/>
    <property name="java.class.version" value="67.0"/>
  </properties>
  <testcase name="testFilterRecipes" classname="RecipeDatabaseTest" time="1.104">
    <system-out><![CDATA[2025-03-23 17:27:27 [main] INFO  org.jooq.Constants - 
                                      
@@@@@@@@@@@@@@@@@@@@@@@@@@@@@@@@@@@@@@
@@@@@@@@@@@@@@@@@@@@@@@@@@@@@@@@@@@@@@
@@@@@@@@@@@@@@@@  @@        @@@@@@@@@@
@@@@@@@@@@@@@@@@@@@@        @@@@@@@@@@
@@@@@@@@@@@@@@@@  @@  @@    @@@@@@@@@@
@@@@@@@@@@  @@@@  @@  @@    @@@@@@@@@@
@@@@@@@@@@        @@        @@@@@@@@@@
@@@@@@@@@@@@@@@@@@@@@@@@@@@@@@@@@@@@@@
@@@@@@@@@@@@@@@@@@@@@@@@@@@@@@@@@@@@@@
@@@@@@@@@@        @@        @@@@@@@@@@
@@@@@@@@@@    @@  @@  @@@@  @@@@@@@@@@
@@@@@@@@@@    @@  @@  @@@@  @@@@@@@@@@
@@@@@@@@@@        @@  @  @  @@@@@@@@@@
@@@@@@@@@@        @@        @@@@@@@@@@
@@@@@@@@@@@@@@@@@@@@@@@  @@@@@@@@@@@@@
@@@@@@@@@@@@@@@@@@@@@@@@@@@@@@@@@@@@@@
@@@@@@@@@@@@@@@@@@@@@@@@@@@@@@@@@@@@@@  Thank you for using jOOQ 3.19.17 (Build date: 2025-01-08T11:52:27Z)
                                      
2025-03-23 17:27:27 [main] INFO  org.jooq.Constants - 

jOOQ tip of the day: You can generate jOOQ code in a single package with package private visibility if this helps. Here's how: https://blog.jooq.org/how-to-generate-package-private-code-with-jooqs-code-generator/

2025-03-23 17:27:27 [main] INFO  o.j.i.D.logVersionSupport - Version                  : Database version is supported by dialect H2: 2.3.232 (2024-08-11)
]]></system-out>
  </testcase>
  <testcase name="showTable" classname="RecipeDatabaseTest" time="0.01">
    <system-out><![CDATA[+----+----+-------+--------+------------+---------+-----------+----------+
|  ID|name|cuisine|category|instructions|nutrition|cookingTime|ingredient|
+----+----+-------+--------+------------+---------+-----------+----------+
|   1|Name|Cuisine|Category|Instruction |       10|12min      |Ingredient|
+----+----+-------+--------+------------+---------+-----------+----------+

]]></system-out>
  </testcase>
  <testcase name="testUpdateRecipeNonExistingID" classname="RecipeDatabaseTest" time="0.006"/>
  <testcase name="testDeleteRecipeNonExistent" classname="RecipeDatabaseTest" time="0.003"/>
  <testcase name="testInsertNegativeID" classname="RecipeDatabaseTest" time="0.003"/>
  <testcase name="testDeleteAllRecipes" classname="RecipeDatabaseTest" time="0.036"/>
  <testcase name="testUpdateRecipe" classname="RecipeDatabaseTest" time="0.026"/>
  <testcase name="testDeleteRecipe" classname="RecipeDatabaseTest" time="0.009"/>
  <testcase name="testInsertExistingIDAndName" classname="RecipeDatabaseTest" time="0.005"/>
  <testcase name="testInsert" classname="RecipeDatabaseTest" time="0.007"/>
  <testcase name="testInsertNoName" classname="RecipeDatabaseTest" time="0.004"/>
</testsuite>